1737751045703	geckodriver	INFO	Listening on 127.0.0.1:51559
1737751048765	mozrunner::runner	INFO	Running command: "C:\\Program Files\\Mozilla Firefox\\firefox.exe" "--marionette" "--remote-debugging-port" "51560" "--remote-allow-hosts" "localhost" "-no-remote" "-profile" "C:\\Users\\ALEXAN~1.SAN\\AppData\\Local\\Temp\\rust_mozprofile5qKGdE"
console.warn: services.settings: Ignoring preference override of remote settings server
console.warn: services.settings: Allow by setting MOZ_REMOTE_SETTINGS_DEVTOOLS=1 in the environment
Dynamically enable window occlusion 0
1737751049311	Marionette	INFO	Marionette enabled
1737751049572	Marionette	INFO	Listening on port 51568
WebDriver BiDi listening on ws://127.0.0.1:51560
Read port: 51568
1737751049648	RemoteAgent	WARN	TLS certificate errors will be ignored for this session
DevTools listening on ws://127.0.0.1:51560/devtools/browser/8d251531-f702-461b-a3e2-766a968f79ef
console.warn: WindowsJumpLists: "Failed to fetch favicon for " "https://opensource-demo.orangehrmlive.com/web/index.php/auth/login%20chrome" ({})
console.warn: WindowsJumpLists: "Failed to fetch favicon for " "https://opensource-demo.orangehrmlive.com/web/index.php/auth/login%20chrome" ({})
console.warn: WindowsJumpLists: "Failed to fetch favicon for " "https://opensource-demo.orangehrmlive.com/web/index.php/auth/login%20chrome" ({})
console.warn: WindowsJumpLists: "Failed to fetch favicon for " "https://opensource-demo.orangehrmlive.com/web/index.php/auth/login%20chrome" ({})
console.warn: WindowsJumpLists: "Failed to fetch favicon for " "https://opensource-demo.orangehrmlive.com/web/index.php/auth/login%20chrome" ({})
console.warn: WindowsJumpLists: "Failed to fetch favicon for " "https://opensource-demo.orangehrmlive.com/web/index.php/auth/login%20chrome" ({})
1737751848607	Marionette	INFO	Stopped listening on port 51568
Dynamically enable window occlusion 1
!!! error running onStopped callback: TypeError: callback is not a function
