1737753263973	geckodriver	INFO	Listening on 127.0.0.1:54262
1737753267080	mozrunner::runner	INFO	Running command: "C:\\Program Files\\Mozilla Firefox\\firefox.exe" "--marionette" "--remote-debugging-port" "54263" "--remote-allow-hosts" "localhost" "-no-remote" "-profile" "C:\\Users\\ALEXAN~1.SAN\\AppData\\Local\\Temp\\rust_mozprofiletvfUpu"
console.warn: services.settings: Ignoring preference override of remote settings server
console.warn: services.settings: Allow by setting MOZ_REMOTE_SETTINGS_DEVTOOLS=1 in the environment
Dynamically enable window occlusion 0
1737753267530	Marionette	INFO	Marionette enabled
1737753267793	Marionette	INFO	Listening on port 54275
Read port: 54275
WebDriver BiDi listening on ws://127.0.0.1:54263
1737753267880	RemoteAgent	WARN	TLS certificate errors will be ignored for this session
DevTools listening on ws://127.0.0.1:54263/devtools/browser/29cfb5e7-f92c-4dc1-9559-cccde300810a
1737753272083	Marionette	INFO	Stopped listening on port 54275
Dynamically enable window occlusion 1
JavaScript error: chrome://remote/content/marionette/cert.sys.mjs, line 47: NS_ERROR_NOT_AVAILABLE: Component returned failure code: 0x80040111 (NS_ERROR_NOT_AVAILABLE) [nsICertOverrideService.setDisableAllSecurityChecksAndLetAttackersInterceptMyData]
!!! error running onStopped callback: TypeError: callback is not a function
1737753272148	WebDriver BiDi	ERROR	Failed to stop protocol: [Exception... "Component returned failure code: 0x80040111 (NS_ERROR_NOT_AVAILABLE) [nsICertOverrideService.setDisableAllSecurityChecksAndLetAttackersInterceptMyData]"  nsresult: "0x80040111 (NS_ERROR_NOT_AVAILABLE)"  location: "JS frame :: chrome://remote/content/marionette/cert.sys.mjs :: allowAllCerts.disable :: line 47"  data: no] Stack trace: allowAllCerts.disable()@cert.sys.mjs:47
destroy()@Session.sys.mjs:280
deleteSession()@WebDriverBiDi.sys.mjs:174
stop()@WebDriverBiDi.sys.mjs:264
observe()@resource://gre/modules/AsyncShutdown.sys.mjs:569
