1737669704606	geckodriver	INFO	Listening on 127.0.0.1:49348
1737669707677	mozrunner::runner	INFO	Running command: "C:\\Program Files\\Mozilla Firefox\\firefox.exe" "--marionette" "--remote-debugging-port" "49349" "--remote-allow-hosts" "localhost" "-no-remote" "-profile" "C:\\Users\\ALEXAN~1.SAN\\AppData\\Local\\Temp\\rust_mozprofileCpv5HK"
console.warn: services.settings: Ignoring preference override of remote settings server
console.warn: services.settings: Allow by setting MOZ_REMOTE_SETTINGS_DEVTOOLS=1 in the environment
Dynamically enable window occlusion 0
1737669708147	Marionette	INFO	Marionette enabled
1737669708405	Marionette	INFO	Listening on port 49362
WebDriver BiDi listening on ws://127.0.0.1:49349
Read port: 49362
1737669708556	RemoteAgent	WARN	TLS certificate errors will be ignored for this session
DevTools listening on ws://127.0.0.1:49349/devtools/browser/44e61d96-5ed1-44b2-8ae6-09fe8b03ca63
console.warn: WindowsJumpLists: "Failed to fetch favicon for " "https://opensource-demo.orangehrmlive.com/web/index.php/auth/login%20chrome" ({})
console.warn: WindowsJumpLists: "Failed to fetch favicon for " "https://opensource-demo.orangehrmlive.com/web/index.php/auth/login%20chrome" ({})
console.warn: WindowsJumpLists: "Failed to fetch favicon for " "https://opensource-demo.orangehrmlive.com/web/index.php/auth/login%20chrome" ({})
console.warn: WindowsJumpLists: "Failed to fetch favicon for " "https://opensource-demo.orangehrmlive.com/web/index.php/auth/login%20chrome" ({})
console.warn: WindowsJumpLists: "Failed to fetch favicon for " "https://opensource-demo.orangehrmlive.com/web/index.php/auth/login%20chrome" ({})
console.warn: WindowsJumpLists: "Failed to fetch favicon for " "https://opensource-demo.orangehrmlive.com/web/index.php/auth/login%20chrome" ({})
console.warn: WindowsJumpLists: "Failed to fetch favicon for " "https://opensource-demo.orangehrmlive.com/web/index.php/auth/login%20chrome" ({})
console.warn: WindowsJumpLists: "Failed to fetch favicon for " "https://opensource-demo.orangehrmlive.com/web/index.php/auth/login%20chrome" ({})
console.warn: WindowsJumpLists: "Failed to fetch favicon for " "https://opensource-demo.orangehrmlive.com/web/index.php/auth/login%20chrome" ({})
console.warn: WindowsJumpLists: "Failed to fetch favicon for " "https://opensource-demo.orangehrmlive.com/web/index.php/auth/login%20chrome" ({})
console.warn: WindowsJumpLists: "Failed to fetch favicon for " "https://opensource-demo.orangehrmlive.com/web/index.php/auth/login%20chrome" ({})
console.warn: WindowsJumpLists: "Failed to fetch favicon for " "https://opensource-demo.orangehrmlive.com/web/index.php/auth/login%20chrome" ({})
console.warn: WindowsJumpLists: "Failed to fetch favicon for " "https://opensource-demo.orangehrmlive.com/web/index.php/auth/login%20chrome" ({})
console.warn: WindowsJumpLists: "Failed to fetch favicon for " "https://opensource-demo.orangehrmlive.com/web/index.php/auth/login%20chrome" ({})
console.warn: WindowsJumpLists: "Failed to fetch favicon for " "https://opensource-demo.orangehrmlive.com/web/index.php/auth/login%20chrome" ({})
console.warn: WindowsJumpLists: "Failed to fetch favicon for " "https://opensource-demo.orangehrmlive.com/web/index.php/auth/login%20chrome" ({})
console.warn: WindowsJumpLists: "Failed to fetch favicon for " "https://opensource-demo.orangehrmlive.com/web/index.php/auth/login%20chrome" ({})
console.warn: WindowsJumpLists: "Failed to fetch favicon for " "https://opensource-demo.orangehrmlive.com/web/index.php/auth/login%20chrome" ({})
console.warn: WindowsJumpLists: "Failed to fetch favicon for " "https://opensource-demo.orangehrmlive.com/web/index.php/auth/login%20chrome" ({})
console.warn: WindowsJumpLists: "Failed to fetch favicon for " "https://opensource-demo.orangehrmlive.com/web/index.php/auth/login%20chrome" ({})
console.warn: WindowsJumpLists: "Failed to fetch favicon for " "https://opensource-demo.orangehrmlive.com/web/index.php/auth/login%20chrome" ({})
console.warn: WindowsJumpLists: "Failed to fetch favicon for " "https://opensource-demo.orangehrmlive.com/web/index.php/auth/login%20chrome" ({})
console.warn: WindowsJumpLists: "Failed to fetch favicon for " "https://opensource-demo.orangehrmlive.com/web/index.php/auth/login%20chrome" ({})
console.warn: WindowsJumpLists: "Failed to fetch favicon for " "https://opensource-demo.orangehrmlive.com/web/index.php/auth/login%20chrome" ({})
console.warn: WindowsJumpLists: "Failed to fetch favicon for " "https://opensource-demo.orangehrmlive.com/web/index.php/auth/login%20chrome" ({})
console.warn: WindowsJumpLists: "Failed to fetch favicon for " "https://opensource-demo.orangehrmlive.com/web/index.php/auth/login%20chrome" ({})
console.warn: WindowsJumpLists: "Failed to fetch favicon for " "https://opensource-demo.orangehrmlive.com/web/index.php/auth/login%20chrome" ({})
console.warn: WindowsJumpLists: "Failed to fetch favicon for " "https://opensource-demo.orangehrmlive.com/web/index.php/auth/login%20chrome" ({})
console.warn: WindowsJumpLists: "Failed to fetch favicon for " "https://opensource-demo.orangehrmlive.com/web/index.php/auth/login%20chrome" ({})
console.warn: WindowsJumpLists: "Failed to fetch favicon for " "https://opensource-demo.orangehrmlive.com/web/index.php/auth/login%20chrome" ({})
console.warn: WindowsJumpLists: "Failed to fetch favicon for " "https://opensource-demo.orangehrmlive.com/web/index.php/auth/login%20chrome" ({})
console.warn: WindowsJumpLists: "Failed to fetch favicon for " "https://opensource-demo.orangehrmlive.com/web/index.php/auth/login%20chrome" ({})
console.warn: WindowsJumpLists: "Failed to fetch favicon for " "https://opensource-demo.orangehrmlive.com/web/index.php/auth/login%20chrome" ({})
console.warn: WindowsJumpLists: "Failed to fetch favicon for " "https://opensource-demo.orangehrmlive.com/web/index.php/auth/login%20chrome" ({})
console.warn: WindowsJumpLists: "Failed to fetch favicon for " "https://opensource-demo.orangehrmlive.com/web/index.php/auth/login%20chrome" ({})
console.warn: WindowsJumpLists: "Failed to fetch favicon for " "https://opensource-demo.orangehrmlive.com/web/index.php/auth/login%20chrome" ({})
console.warn: WindowsJumpLists: "Failed to fetch favicon for " "https://opensource-demo.orangehrmlive.com/web/index.php/auth/login%20chrome" ({})
console.warn: WindowsJumpLists: "Failed to fetch favicon for " "https://opensource-demo.orangehrmlive.com/web/index.php/auth/login%20chrome" ({})
console.warn: WindowsJumpLists: "Failed to fetch favicon for " "https://opensource-demo.orangehrmlive.com/web/index.php/auth/login%20chrome" ({})
JavaScript error: , line 0: NotFoundError: Could not move `C:\Users\ALEXAN~1.SAN\AppData\Local\Temp\rust_mozprofileCpv5HK\bookmarkbackups\bookmarks-2025-01-23_10_g0F9YfgF82aqozZOiwAmhJZDPJx6RAgXc3Nggobt3kw=.jsonlz4' to `C:\Users\ALEXAN~1.SAN\AppData\Local\Temp\rust_mozprofileCpv5HK\bookmarkbackups\bookmarks-2025-01-24_10_g0F9YfgF82aqozZOiwAmhJZDPJx6RAgXc3Nggobt3kw=.jsonlz4': source file does not exist (NS_ERROR_FILE_NOT_FOUND)
Exiting due to channel error.
